[Tuesday/June 24/06/2025 20:17:05] /home/tuples/Videos/Hell's Paradise - Jigokuraku - Season 1 (2023)/Hell's Paradise - Jigokuraku - S01E01 - The Death Row Convict and the Executioner.mkv | length=1465.16 | time=10.469
[Tuesday/June 24/06/2025 20:17:18] /home/tuples/Videos/Vinland Saga/Vinland Saga/[DB]Vinland Saga_-_01_(Dual Audio_10bit_BD1080p_x265).mkv | length=1707.733 | time=1.418
[Tuesday/June 24/06/2025 20:31:17] /home/tuples/Videos/Hell's Paradise - Jigokuraku - Season 1 (2023)/Hell's Paradise - Jigokuraku - S01E01 - The Death Row Convict and the Executioner.mkv | length=1465.16 | time=2.127
[Tuesday/June 24/06/2025 20:59:24] /home/tuples/Videos/Hell's Paradise - Jigokuraku - Season 1 (2023)/Hell's Paradise - Jigokuraku - S01E01 - The Death Row Convict and the Executioner.mkv | length=1465.16 | time=3.921
[Tuesday/June 24/06/2025 21:19:21] /home/tuples/Videos/Hell's Paradise Season 1/Hell's Paradise - Jigokuraku - S01E04 - Hell and Paradise.mkv | length=1465.062 | time=1381.672
[Tuesday/June 24/06/2025 21:43:48] /home/tuples/Videos/Hell's Paradise Season 1/Hell's Paradise - Jigokuraku - S01E05 - The Samurai and the Woman.mkv | length=1465.06 | time=1379.336
[Tuesday/June 24/06/2025 22:03:46] /home/tuples/Videos/Hell's Paradise Season 1/Hell's Paradise - Jigokuraku - S01E06 - Heart and Reason.mkv | length=1465.06 | time=1379.712
[Wednesday/June 25/06/2025 09:44:50] /home/tuples/Videos/Hell's Paradise Season 1/Hell's Paradise - Jigokuraku - S01E07 - Flowers and Offerings.mkv | length=1465.155 | time=1379.545
[Wednesday/June 25/06/2025 10:07:14] /home/tuples/Videos/Hell's Paradise Season 1/Hell's Paradise - Jigokuraku - S01E08 - Student and Master.mkv | length=1465.016 | time=1442.274
[Wednesday/June 25/06/2025 10:28:44] /home/tuples/Videos/Hell's Paradise Season 1/Hell's Paradise - Jigokuraku - S01E09 - Gods and People.mkv | length=1474.99 | time=1380.88
[Wednesday/June 25/06/2025 10:50:55] /home/tuples/Videos/Hell's Paradise Season 1/Hell's Paradise - Jigokuraku - S01E10 - Yin and Yang.mkv | length=1465.062 | time=1380.421
[Wednesday/June 25/06/2025 11:12:17] /home/tuples/Videos/Hell's Paradise Season 1/Hell's Paradise - Jigokuraku - S01E11 - Weak and Strong.mkv | length=1465.016 | time=1378.586
[Wednesday/June 25/06/2025 11:37:36] /home/tuples/Videos/Hell's Paradise Season 1/Hell's Paradise - Jigokuraku - S01E12 - Umbrella and Ink.mkv | length=1465.14 | time=1378.627
[Wednesday/June 25/06/2025 11:59:02] /home/tuples/Videos/Hell's Paradise Season 1/Hell's Paradise - Jigokuraku - S01E13 - Dreams and Reality.mkv | length=1465.155 | time=1465.047
[Wednesday/June 25/06/2025 12:35:01] /home/tuples/Videos/Grand Blue Dreaming S01 1080p BDRip 10 bits DD+ x265-EMBER/S01E01-Deep Blue [EA6F4CB3].mkv | length=1460.64 | time=180.972
[Wednesday/June 25/06/2025 12:35:57] /home/tuples/Videos/Grand Blue Dreaming S01 1080p BDRip 10 bits DD+ x265-EMBER/S01E01-Deep Blue [EA6F4CB3].mkv | length=1460.64 | time=1357.147
[Wednesday/June 25/06/2025 12:37:29] /home/tuples/Videos/Hell's Paradise Season 1/Hell's Paradise - Jigokuraku - S01E02 - Screening and Choosing.mkv | length=1465.062 | time=1.376
[Wednesday/June 25/06/2025 12:46:37] /home/tuples/Videos/Hell's Paradise Season 1/Hell's Paradise - Jigokuraku - S01E01 - The Death Row Convict and the Executioner.mkv | length=1465.16 | time=10.01
[Wednesday/June 25/06/2025 12:57:21] /home/tuples/Videos/Hell's Paradise Season 1/Hell's Paradise - Jigokuraku - S01E01 - The Death Row Convict and the Executioner.mkv | length=1465.16 | time=1431.096
[Wednesday/June 25/06/2025 12:59:03] /home/tuples/Videos/Hell's Paradise Season 1/Hell's Paradise - Jigokuraku - S01E01 - The Death Row Convict and the Executioner.mkv | length=1465.16 | time=7.966
[Wednesday/June 25/06/2025 12:59:14] /home/tuples/Videos/Hell's Paradise Season 1/Hell's Paradise - Jigokuraku - S01E01 - The Death Row Convict and the Executioner.chapters.mkv | length=1465.16 | time=19.561
[Wednesday/June 25/06/2025 13:01:22] /home/tuples/Videos/Hell's Paradise Season 1/Hell's Paradise - Jigokuraku - S01E02 - Screening and Choosing.mkv | length=1465.062 | time=1457.122
[Wednesday/June 25/06/2025 13:07:24] /home/tuples/Videos/Hell's Paradise Season 1/Hell's Paradise - Jigokuraku - S01E02 - Screening and Choosing.chapters.mkv | length=1465.062 | time=93.844
[Wednesday/June 25/06/2025 13:09:27] /home/tuples/Videos/Hell's Paradise Season 1/Hell's Paradise - Jigokuraku - S01E01 - The Death Row Convict and the Executioner.chapters.mkv | length=1465.16 | time=50.634
[Wednesday/June 25/06/2025 13:10:19] /home/tuples/Videos/Hell's Paradise Season 1/Hell's Paradise - Jigokuraku - S01E02 - Screening and Choosing.chapters.mkv | length=1465.062 | time=1464.9915873016
[Wednesday/June 25/06/2025 13:11:44] /home/tuples/Videos/Hell's Paradise Season 1/Hell's Paradise - Jigokuraku - S01E03 - Weakness and Strength.mkv | length=1465.062 | time=1464.9915873016
[Wednesday/June 25/06/2025 13:12:42] /home/tuples/Videos/Hell's Paradise Season 1/Hell's Paradise - Jigokuraku - S01E04 - Hell and Paradise.mkv | length=1465.062 | time=1369.034
[Wednesday/June 25/06/2025 13:13:51] /home/tuples/Videos/Hell's Paradise Season 1/Hell's Paradise - Jigokuraku - S01E05 - The Samurai and the Woman.mkv | length=1465.06 | time=1376.876
[Wednesday/June 25/06/2025 13:14:20] /home/tuples/Videos/Hell's Paradise Season 1/Hell's Paradise - Jigokuraku - S01E06 - Heart and Reason.mkv | length=1465.06 | time=1377.167
[Wednesday/June 25/06/2025 13:15:18] /home/tuples/Videos/Hell's Paradise Season 1/Hell's Paradise - Jigokuraku - S01E07 - Flowers and Offerings.mkv | length=1465.155 | time=1376.709
[Wednesday/June 25/06/2025 13:16:57] /home/tuples/Videos/Hell's Paradise Season 1/Hell's Paradise - Jigokuraku - S01E08 - Student and Master.mkv | length=1465.016 | time=1459.8143628118
[Wednesday/June 25/06/2025 13:17:49] /home/tuples/Videos/Hell's Paradise Season 1/Hell's Paradise - Jigokuraku - S01E09 - Gods and People.mkv | length=1474.99 | time=1377.251
[Wednesday/June 25/06/2025 13:17:57] /home/tuples/Videos/Hell's Paradise Season 1/Hell's Paradise - Jigokuraku - S01E08 - Student and Master.chapters.mkv | length=1465.016 | time=21.396
[Wednesday/June 25/06/2025 13:18:44] /home/tuples/Videos/Hell's Paradise Season 1/Hell's Paradise - Jigokuraku - S01E10 - Yin and Yang.mkv | length=1465.062 | time=1377.751
[Wednesday/June 25/06/2025 13:19:24] /home/tuples/Videos/Hell's Paradise Season 1/Hell's Paradise - Jigokuraku - S01E11 - Weak and Strong.mkv | length=1465.016 | time=1377.501
[Wednesday/June 25/06/2025 13:20:19] /home/tuples/Videos/Hell's Paradise Season 1/Hell's Paradise - Jigokuraku - S01E12 - Umbrella and Ink.mkv | length=1465.14 | time=1376.876
[Wednesday/June 25/06/2025 13:21:24] /home/tuples/Videos/Hell's Paradise Season 1/Hell's Paradise - Jigokuraku - S01E13 - Dreams and Reality.mkv | length=1465.155 | time=66.942
[Wednesday/June 25/06/2025 13:21:33] /home/tuples/Videos/Hell's Paradise Season 1/Hell's Paradise - Jigokuraku - S01E13 - Dreams and Reality.chapters.mkv | length=1465.154 | time=97.306
[Wednesday/June 25/06/2025 13:21:40] /home/tuples/Videos/Hell's Paradise Season 1/Hell's Paradise - Jigokuraku - S01E12 - Umbrella and Ink.chapters.mkv | length=1465.14 | time=3.378
[Wednesday/June 25/06/2025 13:22:12] /home/tuples/Videos/Hell's Paradise Season 1/Hell's Paradise - Jigokuraku - S01E12 - Umbrella and Ink.mkv | length=1465.14 | time=0.709
[Wednesday/June 25/06/2025 13:22:22] /home/tuples/Videos/Hell's Paradise Season 1/Hell's Paradise - Jigokuraku - S01E12 - Umbrella and Ink.chapters.mkv | length=1465.14 | time=88.338
[Wednesday/June 25/06/2025 13:22:26] /home/tuples/Videos/Hell's Paradise Season 1/Hell's Paradise - Jigokuraku - S01E11 - Weak and Strong.chapters.mkv | length=1465.016 | time=1.293
[Wednesday/June 25/06/2025 13:22:29] /home/tuples/Videos/Hell's Paradise Season 1/Hell's Paradise - Jigokuraku - S01E10 - Yin and Yang.chapters.mkv | length=1465.062 | time=1.251
[Wednesday/June 25/06/2025 13:22:32] /home/tuples/Videos/Hell's Paradise Season 1/Hell's Paradise - Jigokuraku - S01E09 - Gods and People.chapters.mkv | length=1474.99 | time=0.584
[Wednesday/June 25/06/2025 13:22:34] /home/tuples/Videos/Hell's Paradise Season 1/Hell's Paradise - Jigokuraku - S01E08 - Student and Master.chapters.mkv | length=1465.016 | time=0.834
[Wednesday/June 25/06/2025 13:22:37] /home/tuples/Videos/Hell's Paradise Season 1/Hell's Paradise - Jigokuraku - S01E07 - Flowers and Offerings.chapters.mkv | length=1465.154 | time=0.709
[Wednesday/June 25/06/2025 13:22:40] /home/tuples/Videos/Hell's Paradise Season 1/Hell's Paradise - Jigokuraku - S01E06 - Heart and Reason.chapters.mkv | length=1465.06 | time=0.584
[Wednesday/June 25/06/2025 13:22:42] /home/tuples/Videos/Hell's Paradise Season 1/Hell's Paradise - Jigokuraku - S01E05 - The Samurai and the Woman.chapters.mkv | length=1465.06 | time=0.667
[Wednesday/June 25/06/2025 13:22:45] /home/tuples/Videos/Hell's Paradise Season 1/Hell's Paradise - Jigokuraku - S01E04 - Hell and Paradise.chapters.mkv | length=1465.062 | time=0.542
[Wednesday/June 25/06/2025 13:22:47] /home/tuples/Videos/Hell's Paradise Season 1/Hell's Paradise - Jigokuraku - S01E03 - Weakness and Strength.chapters.mkv | length=1465.062 | time=0.584
[Wednesday/June 25/06/2025 13:22:50] /home/tuples/Videos/Hell's Paradise Season 1/Hell's Paradise - Jigokuraku - S01E02 - Screening and Choosing.chapters.mkv | length=1465.062 | time=0.626
[Wednesday/June 25/06/2025 13:22:53] /home/tuples/Videos/Hell's Paradise Season 1/Hell's Paradise - Jigokuraku - S01E01 - The Death Row Convict and the Executioner.chapters.mkv | length=1465.16 | time=1.293
[Wednesday/June 25/06/2025 14:36:47] /home/tuples/Videos/Grand Blue Dreaming S01 1080p BDRip 10 bits DD+ x265-EMBER/S01E01-Deep Blue [EA6F4CB3].mkv | length=1460.64 | time=1460.584
[Wednesday/June 25/06/2025 14:59:01] /home/tuples/Videos/Grand Blue Dreaming S01 1080p BDRip 10 bits DD+ x265-EMBER/S01E02-Underwater [D4E2921B].mkv | length=1452.952 | time=1438.312
[Wednesday/June 25/06/2025 15:20:05] /home/tuples/Videos/Grand Blue Dreaming S01 1080p BDRip 10 bits DD+ x265-EMBER/S01E03-A New World [5CFD71D1].mkv | length=1453.119 | time=1437.186
[Wednesday/June 25/06/2025 15:41:48] /home/tuples/Videos/Grand Blue Dreaming S01 1080p BDRip 10 bits DD+ x265-EMBER/S01E04-The Male Beauty Pageant [7C415DF1].mkv | length=1472.512 | time=1456.789
[Wednesday/June 25/06/2025 15:41:49] /home/tuples/Videos/Grand Blue Dreaming S01 1080p BDRip 10 bits DD+ x265-EMBER/S01E05-Too Late [CCD9A7C2].mkv | length=1452.952 | time=0
